0 info it worked if it ends with ok
1 verbose cli [ '/home/jesse/.nvm/versions/node/v5.10.1/bin/node',
1 verbose cli   '/home/jesse/.nvm/versions/node/v5.10.1/bin/npm',
1 verbose cli   'run',
1 verbose cli   'build' ]
2 info using npm@3.8.3
3 info using node@v5.10.1
4 verbose run-script [ 'prebuild', 'build', 'postbuild' ]
5 info lifecycle reactant@0.1.0~prebuild: reactant@0.1.0
6 silly lifecycle reactant@0.1.0~prebuild: no script for prebuild, continuing
7 info lifecycle reactant@0.1.0~build: reactant@0.1.0
8 verbose lifecycle reactant@0.1.0~build: unsafe-perm in lifecycle true
9 verbose lifecycle reactant@0.1.0~build: PATH: /home/jesse/.nvm/versions/node/v5.10.1/lib/node_modules/npm/bin/node-gyp-bin:/home/jesse/workspace/devX/class_recommender/static/node_modules/.bin:/home/jesse/.nvm/versions/node/v5.10.1/bin:/home/jesse/.nvm/versions/node/v5.10.1/bin:/usr/lib/hardening-wrapper/bin:/usr/local/sbin:/usr/local/bin:/usr/bin:/usr/lib/jvm/default/bin:/usr/bin/site_perl:/usr/bin/vendor_perl:/usr/bin/core_perl:/home/jesse/.rvm/bin
10 verbose lifecycle reactant@0.1.0~build: CWD: /home/jesse/workspace/devX/class_recommender/static
11 silly lifecycle reactant@0.1.0~build: Args: [ '-c', 'webpack -p --progress --color' ]
12 silly lifecycle reactant@0.1.0~build: Returned: code: 2  signal: null
13 info lifecycle reactant@0.1.0~build: Failed to exec build script
14 verbose stack Error: reactant@0.1.0 build: `webpack -p --progress --color`
14 verbose stack Exit status 2
14 verbose stack     at EventEmitter.<anonymous> (/home/jesse/.nvm/versions/node/v5.10.1/lib/node_modules/npm/lib/utils/lifecycle.js:239:16)
14 verbose stack     at emitTwo (events.js:100:13)
14 verbose stack     at EventEmitter.emit (events.js:185:7)
14 verbose stack     at ChildProcess.<anonymous> (/home/jesse/.nvm/versions/node/v5.10.1/lib/node_modules/npm/lib/utils/spawn.js:24:14)
14 verbose stack     at emitTwo (events.js:100:13)
14 verbose stack     at ChildProcess.emit (events.js:185:7)
14 verbose stack     at maybeClose (internal/child_process.js:850:16)
14 verbose stack     at Process.ChildProcess._handle.onexit (internal/child_process.js:215:5)
15 verbose pkgid reactant@0.1.0
16 verbose cwd /home/jesse/workspace/devX/class_recommender/static
17 error Linux 4.10.13-1-ARCH
18 error argv "/home/jesse/.nvm/versions/node/v5.10.1/bin/node" "/home/jesse/.nvm/versions/node/v5.10.1/bin/npm" "run" "build"
19 error node v5.10.1
20 error npm  v3.8.3
21 error code ELIFECYCLE
22 error reactant@0.1.0 build: `webpack -p --progress --color`
22 error Exit status 2
23 error Failed at the reactant@0.1.0 build script 'webpack -p --progress --color'.
23 error Make sure you have the latest version of node.js and npm installed.
23 error If you do, this is most likely a problem with the reactant package,
23 error not with npm itself.
23 error Tell the author that this fails on your system:
23 error     webpack -p --progress --color
23 error You can get information on how to open an issue for this project with:
23 error     npm bugs reactant
23 error Or if that isn't available, you can get their info via:
23 error     npm owner ls reactant
23 error There is likely additional logging output above.
24 verbose exit [ 1, true ]
