0 info it worked if it ends with ok
1 verbose cli [ '/usr/local/Cellar/node/7.4.0/bin/node',
1 verbose cli   '/usr/local/bin/npm',
1 verbose cli   'run',
1 verbose cli   'build-dev' ]
2 info using npm@4.0.5
3 info using node@v7.4.0
4 verbose run-script [ 'prebuild-dev', 'build-dev', 'postbuild-dev' ]
5 info lifecycle reactant@0.1.0~prebuild-dev: reactant@0.1.0
6 silly lifecycle reactant@0.1.0~prebuild-dev: no script for prebuild-dev, continuing
7 info lifecycle reactant@0.1.0~build-dev: reactant@0.1.0
8 verbose lifecycle reactant@0.1.0~build-dev: unsafe-perm in lifecycle true
9 verbose lifecycle reactant@0.1.0~build-dev: PATH: /usr/local/lib/node_modules/npm/bin/node-gyp-bin:/Users/adit/Documents/class-recommender/static/node_modules/.bin:/Users/adit/anaconda/bin:/usr/local/bin:/usr/bin:/bin:/usr/sbin:/sbin:/Applications/Wireshark.app/Contents/MacOS
10 verbose lifecycle reactant@0.1.0~build-dev: CWD: /Users/adit/Documents/class-recommender/static
11 silly lifecycle reactant@0.1.0~build-dev: Args: [ '-c', 'webpack-dev-server -p -w --progress --color' ]
12 info lifecycle reactant@0.1.0~build-dev: Failed to exec build-dev script
13 verbose stack Error: reactant@0.1.0 build-dev: `webpack-dev-server -p -w --progress --color`
13 verbose stack spawn ENOENT
13 verbose stack     at ChildProcess.<anonymous> (/usr/local/lib/node_modules/npm/lib/utils/spawn.js:33:16)
13 verbose stack     at emitTwo (events.js:106:13)
13 verbose stack     at ChildProcess.emit (events.js:191:7)
13 verbose stack     at maybeClose (internal/child_process.js:885:16)
13 verbose stack     at Process.ChildProcess._handle.onexit (internal/child_process.js:226:5)
14 verbose pkgid reactant@0.1.0
15 verbose cwd /Users/adit/Documents/class-recommender/static/src
16 error Darwin 16.5.0
17 error argv "/usr/local/Cellar/node/7.4.0/bin/node" "/usr/local/bin/npm" "run" "build-dev"
18 error node v7.4.0
19 error npm  v4.0.5
20 error file sh
21 error code ELIFECYCLE
22 error errno ENOENT
23 error syscall spawn
24 error reactant@0.1.0 build-dev: `webpack-dev-server -p -w --progress --color`
24 error spawn ENOENT
25 error Failed at the reactant@0.1.0 build-dev script 'webpack-dev-server -p -w --progress --color'.
25 error Make sure you have the latest version of node.js and npm installed.
25 error If you do, this is most likely a problem with the reactant package,
25 error not with npm itself.
25 error Tell the author that this fails on your system:
25 error     webpack-dev-server -p -w --progress --color
25 error You can get information on how to open an issue for this project with:
25 error     npm bugs reactant
25 error Or if that isn't available, you can get their info via:
25 error     npm owner ls reactant
25 error There is likely additional logging output above.
26 verbose exit [ 1, true ]
